<?xml version="1.0" encoding="UTF-8"?>
<testng-results skipped="0" failed="0" ignored="0" total="6" passed="6">
  <reporter-output>
  </reporter-output>
  <suite name="Default suite" duration-ms="31993" started-at="2018-06-28T09:44:14Z" finished-at="2018-06-28T09:44:46Z">
    <groups>
    </groups>
    <test name="Default test" duration-ms="31993" started-at="2018-06-28T09:44:14Z" finished-at="2018-06-28T09:44:46Z">
      <class name="hristesting.Hristests">
        <test-method status="PASS" signature="launch()[pri:0, instance:hristesting.Hristests@33f88ab]" name="launch" is-config="true" duration-ms="6659" started-at="2018-06-28T09:44:14Z" finished-at="2018-06-28T09:44:21Z">
          <reporter-output>
          </reporter-output>
        </test-method> <!-- launch -->
        <test-method status="PASS" signature="invalidusercredentials()[pri:0, instance:hristesting.Hristests@33f88ab]" name="invalidusercredentials" duration-ms="4882" started-at="2018-06-28T09:44:21Z" finished-at="2018-06-28T09:44:26Z">
          <reporter-output>
          </reporter-output>
        </test-method> <!-- invalidusercredentials -->
        <test-method status="PASS" signature="nousernameandpassword()[pri:1, instance:hristesting.Hristests@33f88ab]" name="nousernameandpassword" duration-ms="2312" started-at="2018-06-28T09:44:26Z" finished-at="2018-06-28T09:44:28Z">
          <reporter-output>
          </reporter-output>
        </test-method> <!-- nousernameandpassword -->
        <test-method status="PASS" signature="onlyusernameisentered()[pri:2, instance:hristesting.Hristests@33f88ab]" name="onlyusernameisentered" duration-ms="3099" started-at="2018-06-28T09:44:28Z" finished-at="2018-06-28T09:44:31Z">
          <reporter-output>
          </reporter-output>
        </test-method> <!-- onlyusernameisentered -->
        <test-method status="PASS" signature="onlypasswordisentered()[pri:3, instance:hristesting.Hristests@33f88ab]" name="onlypasswordisentered" duration-ms="2990" started-at="2018-06-28T09:44:31Z" finished-at="2018-06-28T09:44:34Z">
          <reporter-output>
          </reporter-output>
        </test-method> <!-- onlypasswordisentered -->
        <test-method status="PASS" signature="validcredentials()[pri:4, instance:hristesting.Hristests@33f88ab]" name="validcredentials" duration-ms="5854" started-at="2018-06-28T09:44:34Z" finished-at="2018-06-28T09:44:40Z">
          <reporter-output>
          </reporter-output>
        </test-method> <!-- validcredentials -->
        <test-method status="PASS" signature="logoutfromaccount()[pri:5, instance:hristesting.Hristests@33f88ab]" name="logoutfromaccount" duration-ms="5456" started-at="2018-06-28T09:44:40Z" finished-at="2018-06-28T09:44:46Z">
          <reporter-output>
          </reporter-output>
        </test-method> <!-- logoutfromaccount -->
        <test-method status="PASS" signature="close()[pri:0, instance:hristesting.Hristests@33f88ab]" name="close" is-config="true" duration-ms="688" started-at="2018-06-28T09:44:46Z" finished-at="2018-06-28T09:44:46Z">
          <reporter-output>
          </reporter-output>
        </test-method> <!-- close -->
      </class> <!-- hristesting.Hristests -->
    </test> <!-- Default test -->
  </suite> <!-- Default suite -->
</testng-results>
